- nav in folder config now deprecated, please move to folder nav and CApp will 
  look file for nav.php as default

- key in nav now support key uri, key in nav will not using controller 
  and method anymore, please use key uri.
  'controller'=>'home',
  'method'=>'index',
  now changed to
  'uri'=>'home/index'

- support blade view, give the views extension with blade.php and it will work

- support new feature with CComponent, you can create from views with 
  blade syntax, or CApp with method addComponent. documentation is like 
  laravel livewire

- CF::collect moved to c::collect and other helper in CF too will 
  moved in c helpers

- c helpers is now more powerful
  - c::view(), will return CView_Factory and c::view('view.name') will return 
    object of view
  - c::request() will return like CHTTP::request and c::request('key') will 
    return CHTTP::request->get('key')

- CF exception handler now in CException::exceptionHandler() singleton
  use this to customizing reportable and renderable exception 
  see modules/cresenity/bootstrap.php for example usage

- CF now have console app 
  detail explanation in "php cf help"

- CF now
